-------------------------------------------------------------------------------
Test set: poc.jasperreports.test.ReportGeneratorTest
-------------------------------------------------------------------------------
Tests run: 1, Failures: 0, Errors: 1, Skipped: 0, Time elapsed: 0.094 sec <<< FAILURE!
initializationError(poc.jasperreports.test.ReportGeneratorTest)  Time elapsed: 0.016 sec  <<< ERROR!
java.lang.NoClassDefFoundError: org/apache/commons/logging/LogFactory
	at org.springframework.test.context.junit4.SpringJUnit4ClassRunner.<clinit>(SpringJUnit4ClassRunner.java:90)
	at sun.reflect.NativeConstructorAccessorImpl.newInstance0(Native Method)
	at sun.reflect.NativeConstructorAccessorImpl.newInstance(NativeConstructorAccessorImpl.java:39)
	at sun.reflect.DelegatingConstructorAccessorImpl.newInstance(DelegatingConstructorAccessorImpl.java:27)
	at java.lang.reflect.Constructor.newInstance(Constructor.java:513)
	at org.junit.internal.builders.AnnotatedBuilder.buildRunner(AnnotatedBuilder.java:31)
	at org.junit.internal.builders.AnnotatedBuilder.runnerForClass(AnnotatedBuilder.java:24)
	at org.junit.runners.model.RunnerBuilder.safeRunnerForClass(RunnerBuilder.java:57)
	at org.junit.internal.builders.AllDefaultPossibilitiesBuilder.runnerForClass(AllDefaultPossibilitiesBuilder.java:29)
	at org.junit.runners.model.RunnerBuilder.safeRunnerForClass(RunnerBuilder.java:57)
	at org.junit.internal.requests.ClassRequest.getRunner(ClassRequest.java:24)
	at org.apache.maven.surefire.junit4.JUnit4TestSet.<init>(JUnit4TestSet.java:45)
	at org.apache.maven.surefire.junit4.JUnit4DirectoryTestSuite.createTestSet(JUnit4DirectoryTestSuite.java:56)
	at org.apache.maven.surefire.suite.AbstractDirectoryTestSuite.locateTestSets(AbstractDirectoryTestSuite.java:96)
	at org.apache.maven.surefire.Surefire.createSuiteFromDefinition(Surefire.java:209)
	at org.apache.maven.surefire.Surefire.run(Surefire.java:156)
	at sun.reflect.NativeMethodAccessorImpl.invoke0(Native Method)
	at sun.reflect.NativeMethodAccessorImpl.invoke(NativeMethodAccessorImpl.java:39)
	at sun.reflect.DelegatingMethodAccessorImpl.invoke(DelegatingMethodAccessorImpl.java:25)
	at java.lang.reflect.Method.invoke(Method.java:597)
	at org.apache.maven.surefire.booter.SurefireBooter.runSuitesInProcess(SurefireBooter.java:345)
	at org.apache.maven.surefire.booter.SurefireBooter.main(SurefireBooter.java:1009)
Caused by: java.lang.ClassNotFoundException: org.apache.commons.logging.LogFactory
	at java.net.URLClassLoader$1.run(URLClassLoader.java:200)
	at java.security.AccessController.doPrivileged(Native Method)
	at java.net.URLClassLoader.findClass(URLClassLoader.java:188)
	at java.lang.ClassLoader.loadClass(ClassLoader.java:303)
	at sun.misc.Launcher$AppClassLoader.loadClass(Launcher.java:301)
	at java.lang.ClassLoader.loadClass(ClassLoader.java:248)
	at java.lang.ClassLoader.loadClassInternal(ClassLoader.java:316)
	... 22 more

